28/10/2021 18:49:57 devpinoyLogger the access token is :- e3d2eec407f27684febbb5367f4c8aac4d9571e8
28/10/2021 18:51:26 devpinoyLogger the access token is :- d17178c1185a3e0776faf49502cf2b7e2c5e81b5
28/10/2021 18:53:15 devpinoyLogger the access token is :- 1d88b17959a707920196e83824c15fbf60b6bb23
28/10/2021 18:55:22 devpinoyLogger the access token is :- 3f4ad321336d8ced20ac1a3a4dd02095cdbb00dc
28/10/2021 18:56:04 devpinoyLogger the access token is :- 97ca48f2684286c894d6b31163af957135d611e7
28/10/2021 19:07:01 devpinoyLogger *************Login Test Started***************
28/10/2021 19:07:06 devpinoyLogger the access token is :- 04a837a303bf00783f24aee7280e376f77f70558
28/10/2021 19:07:06 devpinoyLogger 04a837a303bf00783f24aee7280e376f77f70558
28/10/2021 19:07:07 devpinoyLogger <b>Warning</b>: mysqli::mysqli(): Headers and client library minor version mismatch. Headers:100508 Library:100236 in <b>/home/u942925711/domains/upskills.in/public_html/rest-api/system/library/db/mysqli.php</b> on line <b>7</b>{"success":1,"error":[],"data":{"user_id":"1","user_group_id":"1","username":"upskills_admin","firstname":"John","lastname":"Doe","email":"probitstechnologies@gmail.com","image":"","ip":"116.66.195.129","status":"1","date_added":"2019-11-11 07:59:33","user_group":"Administrator"}}
28/10/2021 19:07:07 devpinoyLogger {"success":1,"error":[],"data":{"user_id":"1","user_group_id":"1","username":"upskills_admin","firstname":"John","lastname":"Doe","email":"probitstechnologies@gmail.com","image":"","ip":"116.66.195.129","status":"1","date_added":"2019-11-11 07:59:33","user_group":"Administrator"}}
28/10/2021 19:07:07 devpinoyLogger Success       :-1
28/10/2021 19:07:07 devpinoyLogger User_id       :-1
28/10/2021 19:07:07 devpinoyLogger User_group_id :-1
28/10/2021 19:07:07 devpinoyLogger Username      :-upskills_admin
28/10/2021 19:07:07 devpinoyLogger Firstname     :-John
28/10/2021 19:07:07 devpinoyLogger Lastname      :-Doe
28/10/2021 19:07:07 devpinoyLogger Email         :-probitstechnologies@gmail.com
28/10/2021 19:07:07 devpinoyLogger Ip            :-116.66.195.129
28/10/2021 19:07:07 devpinoyLogger Status        :-1
28/10/2021 19:07:07 devpinoyLogger Date_added    :-2019-11-11 07:59:33
28/10/2021 19:07:07 devpinoyLogger User_group    :-Administrator
28/10/2021 19:07:07 devpinoyLogger *************Login Test End***************
28/10/2021 19:07:07 devpinoyLogger *************LoginOut Test Started***************
28/10/2021 19:07:08 devpinoyLogger <b>Warning</b>: mysqli::mysqli(): Headers and client library minor version mismatch. Headers:100508 Library:100236 in <b>/home/u942925711/domains/upskills.in/public_html/rest-api/system/library/db/mysqli.php</b> on line <b>7</b>{"success":1,"error":[],"data":[]}
28/10/2021 19:07:08 devpinoyLogger *************LoginOut Test End***************
28/10/2021 19:09:54 devpinoyLogger *************Login Test Started***************
28/10/2021 19:09:59 devpinoyLogger the access token is :- 6c8ac2c1846bd50bd7a425129a2b6203d90ecfd3
28/10/2021 19:10:01 devpinoyLogger <b>Warning</b>: mysqli::mysqli(): Headers and client library minor version mismatch. Headers:100508 Library:100236 in <b>/home/u942925711/domains/upskills.in/public_html/rest-api/system/library/db/mysqli.php</b> on line <b>7</b>{"success":1,"error":[],"data":{"user_id":"1","user_group_id":"1","username":"upskills_admin","firstname":"John","lastname":"Doe","email":"probitstechnologies@gmail.com","image":"","ip":"116.66.195.129","status":"1","date_added":"2019-11-11 07:59:33","user_group":"Administrator"}}
28/10/2021 19:10:01 devpinoyLogger {"success":1,"error":[],"data":{"user_id":"1","user_group_id":"1","username":"upskills_admin","firstname":"John","lastname":"Doe","email":"probitstechnologies@gmail.com","image":"","ip":"116.66.195.129","status":"1","date_added":"2019-11-11 07:59:33","user_group":"Administrator"}}
28/10/2021 19:10:01 devpinoyLogger Success       :-1
28/10/2021 19:10:01 devpinoyLogger User_id       :-1
28/10/2021 19:10:01 devpinoyLogger User_group_id :-1
28/10/2021 19:10:01 devpinoyLogger Username      :-upskills_admin
28/10/2021 19:10:01 devpinoyLogger Firstname     :-John
28/10/2021 19:10:01 devpinoyLogger Lastname      :-Doe
28/10/2021 19:10:01 devpinoyLogger Email         :-probitstechnologies@gmail.com
28/10/2021 19:10:01 devpinoyLogger Ip            :-116.66.195.129
28/10/2021 19:10:01 devpinoyLogger Status        :-1
28/10/2021 19:10:01 devpinoyLogger Date_added    :-2019-11-11 07:59:33
28/10/2021 19:10:01 devpinoyLogger User_group    :-Administrator
28/10/2021 19:10:01 devpinoyLogger Success       :-1
28/10/2021 19:10:01 devpinoyLogger *************Login Test End***************
28/10/2021 19:30:39 devpinoyLogger *************Login Test Started***************
28/10/2021 19:30:45 devpinoyLogger the access token is :- 37f898d8c0050116e4c71dc41cd84b11a24a5d97
28/10/2021 19:30:45 devpinoyLogger 37f898d8c0050116e4c71dc41cd84b11a24a5d97
28/10/2021 19:30:45 devpinoyLogger <b>Warning</b>: mysqli::mysqli(): Headers and client library minor version mismatch. Headers:100508 Library:100236 in <b>/home/u942925711/domains/upskills.in/public_html/rest-api/system/library/db/mysqli.php</b> on line <b>7</b>{"success":1,"error":[],"data":{"user_id":"1","user_group_id":"1","username":"upskills_admin","firstname":"John","lastname":"Doe","email":"probitstechnologies@gmail.com","image":"","ip":"116.66.195.129","status":"1","date_added":"2019-11-11 07:59:33","user_group":"Administrator"}}
28/10/2021 19:30:45 devpinoyLogger {"success":1,"error":[],"data":{"user_id":"1","user_group_id":"1","username":"upskills_admin","firstname":"John","lastname":"Doe","email":"probitstechnologies@gmail.com","image":"","ip":"116.66.195.129","status":"1","date_added":"2019-11-11 07:59:33","user_group":"Administrator"}}
28/10/2021 19:30:45 devpinoyLogger Success       :-1
28/10/2021 19:30:45 devpinoyLogger User_id       :-1
28/10/2021 19:30:45 devpinoyLogger User_group_id :-1
28/10/2021 19:30:45 devpinoyLogger Username      :-upskills_admin
28/10/2021 19:30:45 devpinoyLogger Firstname     :-John
28/10/2021 19:30:45 devpinoyLogger Lastname      :-Doe
28/10/2021 19:30:45 devpinoyLogger Email         :-probitstechnologies@gmail.com
28/10/2021 19:30:45 devpinoyLogger Ip            :-116.66.195.129
28/10/2021 19:30:45 devpinoyLogger Status        :-1
28/10/2021 19:30:45 devpinoyLogger Date_added    :-2019-11-11 07:59:33
28/10/2021 19:30:45 devpinoyLogger User_group    :-Administrator
28/10/2021 19:30:45 devpinoyLogger *************Login Test End***************
28/10/2021 19:30:45 devpinoyLogger *************LoginOut Test Started***************
28/10/2021 19:30:46 devpinoyLogger <b>Warning</b>: mysqli::mysqli(): Headers and client library minor version mismatch. Headers:100508 Library:100236 in <b>/home/u942925711/domains/upskills.in/public_html/rest-api/system/library/db/mysqli.php</b> on line <b>7</b>{"success":1,"error":[],"data":[]}
28/10/2021 19:30:46 devpinoyLogger *************LoginOut Test End***************
28/10/2021 20:16:34 devpinoyLogger *************Login Test Started***************
28/10/2021 20:16:38 devpinoyLogger the access token is :- cf5a6cade4ef7d5ce2508816e8f73503c58b89af
28/10/2021 20:16:38 devpinoyLogger cf5a6cade4ef7d5ce2508816e8f73503c58b89af
28/10/2021 20:16:39 devpinoyLogger <b>Warning</b>: mysqli::mysqli(): Headers and client library minor version mismatch. Headers:100508 Library:100236 in <b>/home/u942925711/domains/upskills.in/public_html/rest-api/system/library/db/mysqli.php</b> on line <b>7</b>{"success":1,"error":[],"data":{"user_id":"1","user_group_id":"1","username":"upskills_admin","firstname":"John","lastname":"Doe","email":"probitstechnologies@gmail.com","image":"","ip":"116.66.195.129","status":"1","date_added":"2019-11-11 07:59:33","user_group":"Administrator"}}
28/10/2021 20:16:39 devpinoyLogger {"success":1,"error":[],"data":{"user_id":"1","user_group_id":"1","username":"upskills_admin","firstname":"John","lastname":"Doe","email":"probitstechnologies@gmail.com","image":"","ip":"116.66.195.129","status":"1","date_added":"2019-11-11 07:59:33","user_group":"Administrator"}}
28/10/2021 20:16:39 devpinoyLogger Success       :-1
28/10/2021 20:16:39 devpinoyLogger User_id       :-1
28/10/2021 20:16:39 devpinoyLogger User_group_id :-1
28/10/2021 20:16:39 devpinoyLogger Username      :-upskills_admin
28/10/2021 20:16:39 devpinoyLogger Firstname     :-John
28/10/2021 20:16:39 devpinoyLogger Lastname      :-Doe
28/10/2021 20:16:39 devpinoyLogger Email         :-probitstechnologies@gmail.com
28/10/2021 20:16:39 devpinoyLogger Ip            :-116.66.195.129
28/10/2021 20:16:39 devpinoyLogger Status        :-1
28/10/2021 20:16:39 devpinoyLogger Date_added    :-2019-11-11 07:59:33
28/10/2021 20:16:39 devpinoyLogger User_group    :-Administrator
28/10/2021 20:16:39 devpinoyLogger *************Login Test End***************
28/10/2021 20:16:39 devpinoyLogger *************LoginOut Test Started***************
28/10/2021 20:16:40 devpinoyLogger <b>Warning</b>: mysqli::mysqli(): Headers and client library minor version mismatch. Headers:100508 Library:100236 in <b>/home/u942925711/domains/upskills.in/public_html/rest-api/system/library/db/mysqli.php</b> on line <b>7</b>{"success":1,"error":[],"data":[]}
28/10/2021 20:16:40 devpinoyLogger *************LoginOut Test End***************
31/10/2021 09:02:35 devpinoyLogger *************Login Test Started***************
31/10/2021 09:02:42 devpinoyLogger the access token is :- 738066de3f2ae7828f908bda86a10bd90c2472fa
31/10/2021 09:02:44 devpinoyLogger <b>Warning</b>: mysqli::mysqli(): Headers and client library minor version mismatch. Headers:100508 Library:100236 in <b>/home/u942925711/domains/upskills.in/public_html/rest-api/system/library/db/mysqli.php</b> on line <b>7</b>{"success":1,"error":[],"data":{"user_id":"1","user_group_id":"1","username":"upskills_admin","firstname":"John","lastname":"Doe","email":"probitstechnologies@gmail.com","image":"","ip":"116.66.195.129","status":"1","date_added":"2019-11-11 07:59:33","user_group":"Administrator"}}
31/10/2021 09:02:44 devpinoyLogger {"success":1,"error":[],"data":{"user_id":"1","user_group_id":"1","username":"upskills_admin","firstname":"John","lastname":"Doe","email":"probitstechnologies@gmail.com","image":"","ip":"116.66.195.129","status":"1","date_added":"2019-11-11 07:59:33","user_group":"Administrator"}}
31/10/2021 09:02:44 devpinoyLogger Success       :-1
31/10/2021 09:02:44 devpinoyLogger User_id       :-1
31/10/2021 09:02:44 devpinoyLogger User_group_id :-1
31/10/2021 09:02:44 devpinoyLogger Username      :-upskills_admin
31/10/2021 09:02:44 devpinoyLogger Firstname     :-John
31/10/2021 09:02:44 devpinoyLogger Lastname      :-Doe
31/10/2021 09:02:44 devpinoyLogger Email         :-probitstechnologies@gmail.com
31/10/2021 09:02:44 devpinoyLogger Ip            :-116.66.195.129
31/10/2021 09:02:44 devpinoyLogger Status        :-1
31/10/2021 09:02:44 devpinoyLogger Date_added    :-2019-11-11 07:59:33
31/10/2021 09:02:44 devpinoyLogger User_group    :-Administrator
31/10/2021 09:02:44 devpinoyLogger Success       :-1
31/10/2021 09:02:44 devpinoyLogger *************Login Test End***************
31/10/2021 09:06:00 devpinoyLogger *************Login Test Started***************
31/10/2021 09:06:05 devpinoyLogger the access token is :- d4a926403247bc24b49793a918df5d2e52d4845a
31/10/2021 09:06:05 devpinoyLogger d4a926403247bc24b49793a918df5d2e52d4845a
31/10/2021 09:06:06 devpinoyLogger <b>Warning</b>: mysqli::mysqli(): Headers and client library minor version mismatch. Headers:100508 Library:100236 in <b>/home/u942925711/domains/upskills.in/public_html/rest-api/system/library/db/mysqli.php</b> on line <b>7</b>{"success":1,"error":[],"data":{"user_id":"1","user_group_id":"1","username":"upskills_admin","firstname":"John","lastname":"Doe","email":"probitstechnologies@gmail.com","image":"","ip":"116.66.195.129","status":"1","date_added":"2019-11-11 07:59:33","user_group":"Administrator"}}
31/10/2021 09:06:06 devpinoyLogger {"success":1,"error":[],"data":{"user_id":"1","user_group_id":"1","username":"upskills_admin","firstname":"John","lastname":"Doe","email":"probitstechnologies@gmail.com","image":"","ip":"116.66.195.129","status":"1","date_added":"2019-11-11 07:59:33","user_group":"Administrator"}}
31/10/2021 09:06:06 devpinoyLogger Success       :-1
31/10/2021 09:06:06 devpinoyLogger User_id       :-1
31/10/2021 09:06:06 devpinoyLogger User_group_id :-1
31/10/2021 09:06:06 devpinoyLogger Username      :-upskills_admin
31/10/2021 09:06:06 devpinoyLogger Firstname     :-John
31/10/2021 09:06:06 devpinoyLogger Lastname      :-Doe
31/10/2021 09:06:06 devpinoyLogger Email         :-probitstechnologies@gmail.com
31/10/2021 09:06:06 devpinoyLogger Ip            :-116.66.195.129
31/10/2021 09:06:06 devpinoyLogger Status        :-1
31/10/2021 09:06:06 devpinoyLogger Date_added    :-2019-11-11 07:59:33
31/10/2021 09:06:06 devpinoyLogger User_group    :-Administrator
31/10/2021 09:06:06 devpinoyLogger *************Login Test End***************
31/10/2021 09:06:06 devpinoyLogger *************LoginOut Test Started***************
31/10/2021 09:06:06 devpinoyLogger <b>Warning</b>: mysqli::mysqli(): Headers and client library minor version mismatch. Headers:100508 Library:100236 in <b>/home/u942925711/domains/upskills.in/public_html/rest-api/system/library/db/mysqli.php</b> on line <b>7</b>{"success":1,"error":[],"data":[]}
31/10/2021 09:06:06 devpinoyLogger *************LoginOut Test End***************
31/10/2021 09:29:11 devpinoyLogger *************Login Test Started***************
31/10/2021 09:29:15 devpinoyLogger the access token is :- 6bff2b61f2d5e9478715ff514821e2f176b43c5e
31/10/2021 09:29:16 devpinoyLogger <b>Warning</b>: mysqli::mysqli(): Headers and client library minor version mismatch. Headers:100508 Library:100236 in <b>/home/u942925711/domains/upskills.in/public_html/rest-api/system/library/db/mysqli.php</b> on line <b>7</b>{"success":1,"error":[],"data":{"user_id":"1","user_group_id":"1","username":"upskills_admin","firstname":"John","lastname":"Doe","email":"probitstechnologies@gmail.com","image":"","ip":"116.66.195.185","status":"1","date_added":"2019-11-11 07:59:33","user_group":"Administrator"}}
31/10/2021 09:29:16 devpinoyLogger {"success":1,"error":[],"data":{"user_id":"1","user_group_id":"1","username":"upskills_admin","firstname":"John","lastname":"Doe","email":"probitstechnologies@gmail.com","image":"","ip":"116.66.195.185","status":"1","date_added":"2019-11-11 07:59:33","user_group":"Administrator"}}
31/10/2021 09:29:16 devpinoyLogger Success       :-1
31/10/2021 09:29:16 devpinoyLogger User_id       :-1
31/10/2021 09:29:16 devpinoyLogger User_group_id :-1
31/10/2021 09:29:16 devpinoyLogger Username      :-upskills_admin
31/10/2021 09:29:16 devpinoyLogger Firstname     :-John
31/10/2021 09:29:16 devpinoyLogger Lastname      :-Doe
31/10/2021 09:29:16 devpinoyLogger Email         :-probitstechnologies@gmail.com
31/10/2021 09:29:16 devpinoyLogger Ip            :-116.66.195.185
31/10/2021 09:29:16 devpinoyLogger Status        :-1
31/10/2021 09:29:16 devpinoyLogger Date_added    :-2019-11-11 07:59:33
31/10/2021 09:29:16 devpinoyLogger User_group    :-Administrator
31/10/2021 09:29:16 devpinoyLogger Success       :-1
31/10/2021 09:29:16 devpinoyLogger *************Login Test End***************
31/10/2021 09:34:53 devpinoyLogger *************Login Test Started***************
31/10/2021 09:34:58 devpinoyLogger the access token is :- 7ee217b49e8b06632709b401d465afad621a38a2
31/10/2021 09:34:58 devpinoyLogger 7ee217b49e8b06632709b401d465afad621a38a2
31/10/2021 09:34:59 devpinoyLogger <b>Warning</b>: mysqli::mysqli(): Headers and client library minor version mismatch. Headers:100508 Library:100236 in <b>/home/u942925711/domains/upskills.in/public_html/rest-api/system/library/db/mysqli.php</b> on line <b>7</b>{"success":1,"error":[],"data":{"user_id":"1","user_group_id":"1","username":"upskills_admin","firstname":"John","lastname":"Doe","email":"probitstechnologies@gmail.com","image":"","ip":"116.66.195.185","status":"1","date_added":"2019-11-11 07:59:33","user_group":"Administrator"}}
31/10/2021 09:34:59 devpinoyLogger {"success":1,"error":[],"data":{"user_id":"1","user_group_id":"1","username":"upskills_admin","firstname":"John","lastname":"Doe","email":"probitstechnologies@gmail.com","image":"","ip":"116.66.195.185","status":"1","date_added":"2019-11-11 07:59:33","user_group":"Administrator"}}
31/10/2021 09:34:59 devpinoyLogger Success       :-1
31/10/2021 09:34:59 devpinoyLogger User_id       :-1
31/10/2021 09:34:59 devpinoyLogger User_group_id :-1
31/10/2021 09:34:59 devpinoyLogger Username      :-upskills_admin
31/10/2021 09:34:59 devpinoyLogger Firstname     :-John
31/10/2021 09:34:59 devpinoyLogger Lastname      :-Doe
31/10/2021 09:34:59 devpinoyLogger Email         :-probitstechnologies@gmail.com
31/10/2021 09:34:59 devpinoyLogger Ip            :-116.66.195.185
31/10/2021 09:34:59 devpinoyLogger Status        :-1
31/10/2021 09:34:59 devpinoyLogger Date_added    :-2019-11-11 07:59:33
31/10/2021 09:34:59 devpinoyLogger User_group    :-Administrator
31/10/2021 09:34:59 devpinoyLogger *************Login Test End***************
31/10/2021 09:34:59 devpinoyLogger *************LoginOut Test Started***************
31/10/2021 09:35:00 devpinoyLogger <b>Warning</b>: mysqli::mysqli(): Headers and client library minor version mismatch. Headers:100508 Library:100236 in <b>/home/u942925711/domains/upskills.in/public_html/rest-api/system/library/db/mysqli.php</b> on line <b>7</b>{"success":0,"error":[],"data":[]}
31/10/2021 09:35:00 devpinoyLogger *************LoginOut Test End***************
31/10/2021 09:38:24 devpinoyLogger *************Login Test Started***************
31/10/2021 09:38:28 devpinoyLogger the access token is :- 27cf425cd8ff791ea7e7833194aaf58c442c7849
31/10/2021 09:38:28 devpinoyLogger 27cf425cd8ff791ea7e7833194aaf58c442c7849
31/10/2021 09:38:29 devpinoyLogger <b>Warning</b>: mysqli::mysqli(): Headers and client library minor version mismatch. Headers:100508 Library:100236 in <b>/home/u942925711/domains/upskills.in/public_html/rest-api/system/library/db/mysqli.php</b> on line <b>7</b>{"success":1,"error":[],"data":{"user_id":"1","user_group_id":"1","username":"upskills_admin","firstname":"John","lastname":"Doe","email":"probitstechnologies@gmail.com","image":"","ip":"116.66.195.185","status":"1","date_added":"2019-11-11 07:59:33","user_group":"Administrator"}}
31/10/2021 09:38:29 devpinoyLogger {"success":1,"error":[],"data":{"user_id":"1","user_group_id":"1","username":"upskills_admin","firstname":"John","lastname":"Doe","email":"probitstechnologies@gmail.com","image":"","ip":"116.66.195.185","status":"1","date_added":"2019-11-11 07:59:33","user_group":"Administrator"}}
31/10/2021 09:38:29 devpinoyLogger Success       :-1
31/10/2021 09:38:29 devpinoyLogger User_id       :-1
31/10/2021 09:38:29 devpinoyLogger User_group_id :-1
31/10/2021 09:38:29 devpinoyLogger Username      :-upskills_admin
31/10/2021 09:38:29 devpinoyLogger Firstname     :-John
31/10/2021 09:38:29 devpinoyLogger Lastname      :-Doe
31/10/2021 09:38:29 devpinoyLogger Email         :-probitstechnologies@gmail.com
31/10/2021 09:38:29 devpinoyLogger Ip            :-116.66.195.185
31/10/2021 09:38:29 devpinoyLogger Status        :-1
31/10/2021 09:38:29 devpinoyLogger Date_added    :-2019-11-11 07:59:33
31/10/2021 09:38:29 devpinoyLogger User_group    :-Administrator
31/10/2021 09:38:29 devpinoyLogger *************Login Test End***************
31/10/2021 09:38:29 devpinoyLogger *************LoginOut Test Started***************
31/10/2021 09:38:30 devpinoyLogger <b>Warning</b>: mysqli::mysqli(): Headers and client library minor version mismatch. Headers:100508 Library:100236 in <b>/home/u942925711/domains/upskills.in/public_html/rest-api/system/library/db/mysqli.php</b> on line <b>7</b>{"success":0,"error":[],"data":[]}
31/10/2021 09:38:30 devpinoyLogger *************LoginOut Test End***************
31/10/2021 09:40:42 devpinoyLogger *************Login Test Started***************
31/10/2021 09:40:47 devpinoyLogger the access token is :- a89076474483a7f31f674f0f485a089d53ad1c2e
31/10/2021 09:40:47 devpinoyLogger a89076474483a7f31f674f0f485a089d53ad1c2e
31/10/2021 09:40:47 devpinoyLogger <b>Warning</b>: mysqli::mysqli(): Headers and client library minor version mismatch. Headers:100508 Library:100236 in <b>/home/u942925711/domains/upskills.in/public_html/rest-api/system/library/db/mysqli.php</b> on line <b>7</b>{"success":1,"error":[],"data":{"user_id":"1","user_group_id":"1","username":"upskills_admin","firstname":"John","lastname":"Doe","email":"probitstechnologies@gmail.com","image":"","ip":"116.66.195.185","status":"1","date_added":"2019-11-11 07:59:33","user_group":"Administrator"}}
31/10/2021 09:40:47 devpinoyLogger {"success":1,"error":[],"data":{"user_id":"1","user_group_id":"1","username":"upskills_admin","firstname":"John","lastname":"Doe","email":"probitstechnologies@gmail.com","image":"","ip":"116.66.195.185","status":"1","date_added":"2019-11-11 07:59:33","user_group":"Administrator"}}
31/10/2021 09:40:47 devpinoyLogger Success       :-1
31/10/2021 09:40:47 devpinoyLogger User_id       :-1
31/10/2021 09:40:47 devpinoyLogger User_group_id :-1
31/10/2021 09:40:47 devpinoyLogger Username      :-upskills_admin
31/10/2021 09:40:47 devpinoyLogger Firstname     :-John
31/10/2021 09:40:47 devpinoyLogger Lastname      :-Doe
31/10/2021 09:40:47 devpinoyLogger Email         :-probitstechnologies@gmail.com
31/10/2021 09:40:47 devpinoyLogger Ip            :-116.66.195.185
31/10/2021 09:40:47 devpinoyLogger Status        :-1
31/10/2021 09:40:47 devpinoyLogger Date_added    :-2019-11-11 07:59:33
31/10/2021 09:40:47 devpinoyLogger User_group    :-Administrator
31/10/2021 09:40:47 devpinoyLogger *************Login Test End***************
31/10/2021 09:40:47 devpinoyLogger *************LoginOut Test Started***************
31/10/2021 09:40:48 devpinoyLogger <b>Warning</b>: mysqli::mysqli(): Headers and client library minor version mismatch. Headers:100508 Library:100236 in <b>/home/u942925711/domains/upskills.in/public_html/rest-api/system/library/db/mysqli.php</b> on line <b>7</b>{"success":1,"error":[],"data":{"user_id":"1","user_group_id":"1","username":"upskills_admin","firstname":"John","lastname":"Doe","email":"probitstechnologies@gmail.com","image":"","ip":"116.66.195.185","status":"1","date_added":"2019-11-11 07:59:33","user_group":"Administrator"}}
31/10/2021 09:40:48 devpinoyLogger *************LoginOut Test End***************
31/10/2021 09:46:10 devpinoyLogger *************Login Test Started***************
31/10/2021 09:46:15 devpinoyLogger the access token is :- bfe1d2fae0ec6272a2003b4daf4ec68904556176
31/10/2021 09:46:15 devpinoyLogger bfe1d2fae0ec6272a2003b4daf4ec68904556176
31/10/2021 09:46:16 devpinoyLogger <b>Warning</b>: mysqli::mysqli(): Headers and client library minor version mismatch. Headers:100508 Library:100236 in <b>/home/u942925711/domains/upskills.in/public_html/rest-api/system/library/db/mysqli.php</b> on line <b>7</b>{"success":1,"error":[],"data":{"user_id":"1","user_group_id":"1","username":"upskills_admin","firstname":"John","lastname":"Doe","email":"probitstechnologies@gmail.com","image":"","ip":"116.66.195.185","status":"1","date_added":"2019-11-11 07:59:33","user_group":"Administrator"}}
31/10/2021 09:46:16 devpinoyLogger {"success":1,"error":[],"data":{"user_id":"1","user_group_id":"1","username":"upskills_admin","firstname":"John","lastname":"Doe","email":"probitstechnologies@gmail.com","image":"","ip":"116.66.195.185","status":"1","date_added":"2019-11-11 07:59:33","user_group":"Administrator"}}
31/10/2021 09:46:16 devpinoyLogger Success       :-1
31/10/2021 09:46:16 devpinoyLogger User_id       :-1
31/10/2021 09:46:16 devpinoyLogger User_group_id :-1
31/10/2021 09:46:16 devpinoyLogger Username      :-upskills_admin
31/10/2021 09:46:16 devpinoyLogger Firstname     :-John
31/10/2021 09:46:16 devpinoyLogger Lastname      :-Doe
31/10/2021 09:46:16 devpinoyLogger Email         :-probitstechnologies@gmail.com
31/10/2021 09:46:16 devpinoyLogger Ip            :-116.66.195.185
31/10/2021 09:46:16 devpinoyLogger Status        :-1
31/10/2021 09:46:16 devpinoyLogger Date_added    :-2019-11-11 07:59:33
31/10/2021 09:46:16 devpinoyLogger User_group    :-Administrator
31/10/2021 09:46:16 devpinoyLogger *************Login Test End***************
31/10/2021 09:46:16 devpinoyLogger *************LoginOut Test Started***************
31/10/2021 09:46:16 devpinoyLogger <b>Warning</b>: mysqli::mysqli(): Headers and client library minor version mismatch. Headers:100508 Library:100236 in <b>/home/u942925711/domains/upskills.in/public_html/rest-api/system/library/db/mysqli.php</b> on line <b>7</b>{"success":1,"error":[],"data":{"user_id":"1","user_group_id":"1","username":"upskills_admin","firstname":"John","lastname":"Doe","email":"probitstechnologies@gmail.com","image":"","ip":"116.66.195.185","status":"1","date_added":"2019-11-11 07:59:33","user_group":"Administrator"}}
31/10/2021 09:46:16 devpinoyLogger {"success":1,"error":[],"data":{"user_id":"1","user_group_id":"1","username":"upskills_admin","firstname":"John","lastname":"Doe","email":"probitstechnologies@gmail.com","image":"","ip":"116.66.195.185","status":"1","date_added":"2019-11-11 07:59:33","user_group":"Administrator"}}
31/10/2021 09:46:16 devpinoyLogger *************LoginOut Test End***************
31/10/2021 09:46:48 devpinoyLogger *************Login Test Started***************
31/10/2021 09:46:52 devpinoyLogger the access token is :- 8d02e4a78a88c9f4734cc9065e5774fb2b387c5f
31/10/2021 09:46:52 devpinoyLogger 8d02e4a78a88c9f4734cc9065e5774fb2b387c5f
31/10/2021 09:46:53 devpinoyLogger <b>Warning</b>: mysqli::mysqli(): Headers and client library minor version mismatch. Headers:100508 Library:100236 in <b>/home/u942925711/domains/upskills.in/public_html/rest-api/system/library/db/mysqli.php</b> on line <b>7</b>{"success":1,"error":[],"data":{"user_id":"1","user_group_id":"1","username":"upskills_admin","firstname":"John","lastname":"Doe","email":"probitstechnologies@gmail.com","image":"","ip":"116.66.195.185","status":"1","date_added":"2019-11-11 07:59:33","user_group":"Administrator"}}
31/10/2021 09:46:53 devpinoyLogger {"success":1,"error":[],"data":{"user_id":"1","user_group_id":"1","username":"upskills_admin","firstname":"John","lastname":"Doe","email":"probitstechnologies@gmail.com","image":"","ip":"116.66.195.185","status":"1","date_added":"2019-11-11 07:59:33","user_group":"Administrator"}}
31/10/2021 09:46:53 devpinoyLogger Success       :-1
31/10/2021 09:46:53 devpinoyLogger User_id       :-1
31/10/2021 09:46:53 devpinoyLogger User_group_id :-1
31/10/2021 09:46:53 devpinoyLogger Username      :-upskills_admin
31/10/2021 09:46:53 devpinoyLogger Firstname     :-John
31/10/2021 09:46:53 devpinoyLogger Lastname      :-Doe
31/10/2021 09:46:53 devpinoyLogger Email         :-probitstechnologies@gmail.com
31/10/2021 09:46:53 devpinoyLogger Ip            :-116.66.195.185
31/10/2021 09:46:53 devpinoyLogger Status        :-1
31/10/2021 09:46:53 devpinoyLogger Date_added    :-2019-11-11 07:59:33
31/10/2021 09:46:53 devpinoyLogger User_group    :-Administrator
31/10/2021 09:46:53 devpinoyLogger *************Login Test End***************
31/10/2021 09:46:53 devpinoyLogger *************LoginOut Test Started***************
31/10/2021 09:46:53 devpinoyLogger <b>Warning</b>: mysqli::mysqli(): Headers and client library minor version mismatch. Headers:100508 Library:100236 in <b>/home/u942925711/domains/upskills.in/public_html/rest-api/system/library/db/mysqli.php</b> on line <b>7</b>{"success":1,"error":[],"data":{"user_id":"1","user_group_id":"1","username":"upskills_admin","firstname":"John","lastname":"Doe","email":"probitstechnologies@gmail.com","image":"","ip":"116.66.195.185","status":"1","date_added":"2019-11-11 07:59:33","user_group":"Administrator"}}
31/10/2021 09:46:53 devpinoyLogger {"success":1,"error":[],"data":{"user_id":"1","user_group_id":"1","username":"upskills_admin","firstname":"John","lastname":"Doe","email":"probitstechnologies@gmail.com","image":"","ip":"116.66.195.185","status":"1","date_added":"2019-11-11 07:59:33","user_group":"Administrator"}}
31/10/2021 09:46:53 devpinoyLogger *************LoginOut Test End***************
31/10/2021 10:01:38 devpinoyLogger *************Login Test Started***************
31/10/2021 10:01:43 devpinoyLogger the access token is :- 4410463b6e2cc42d92e0295f7dcff321a39b9731
31/10/2021 10:01:43 devpinoyLogger 4410463b6e2cc42d92e0295f7dcff321a39b9731
31/10/2021 10:01:43 devpinoyLogger <b>Warning</b>: mysqli::mysqli(): Headers and client library minor version mismatch. Headers:100508 Library:100236 in <b>/home/u942925711/domains/upskills.in/public_html/rest-api/system/library/db/mysqli.php</b> on line <b>7</b>{"success":1,"error":[],"data":{"user_id":"1","user_group_id":"1","username":"upskills_admin","firstname":"John","lastname":"Doe","email":"probitstechnologies@gmail.com","image":"","ip":"116.66.195.185","status":"1","date_added":"2019-11-11 07:59:33","user_group":"Administrator"}}
31/10/2021 10:01:43 devpinoyLogger {"success":1,"error":[],"data":{"user_id":"1","user_group_id":"1","username":"upskills_admin","firstname":"John","lastname":"Doe","email":"probitstechnologies@gmail.com","image":"","ip":"116.66.195.185","status":"1","date_added":"2019-11-11 07:59:33","user_group":"Administrator"}}
31/10/2021 10:01:43 devpinoyLogger Success       :-1
31/10/2021 10:01:43 devpinoyLogger User_id       :-1
31/10/2021 10:01:43 devpinoyLogger User_group_id :-1
31/10/2021 10:01:43 devpinoyLogger Username      :-upskills_admin
31/10/2021 10:01:43 devpinoyLogger Firstname     :-John
31/10/2021 10:01:43 devpinoyLogger Lastname      :-Doe
31/10/2021 10:01:43 devpinoyLogger Email         :-probitstechnologies@gmail.com
31/10/2021 10:01:43 devpinoyLogger Ip            :-116.66.195.185
31/10/2021 10:01:43 devpinoyLogger Status        :-1
31/10/2021 10:01:43 devpinoyLogger Date_added    :-2019-11-11 07:59:33
31/10/2021 10:01:43 devpinoyLogger User_group    :-Administrator
31/10/2021 10:01:43 devpinoyLogger *************Login Test End***************
31/10/2021 10:01:43 devpinoyLogger *************UserDetails Test Started***************
31/10/2021 10:01:44 devpinoyLogger <b>Warning</b>: mysqli::mysqli(): Headers and client library minor version mismatch. Headers:100508 Library:100236 in <b>/home/u942925711/domains/upskills.in/public_html/rest-api/system/library/db/mysqli.php</b> on line <b>7</b>{"success":1,"error":[],"data":{"user_id":"1","user_group_id":"1","username":"upskills_admin","firstname":"John","lastname":"Doe","email":"probitstechnologies@gmail.com","image":"","ip":"116.66.195.185","status":"1","date_added":"2019-11-11 07:59:33","user_group":"Administrator"}}
31/10/2021 10:01:44 devpinoyLogger {"success":1,"error":[],"data":{"user_id":"1","user_group_id":"1","username":"upskills_admin","firstname":"John","lastname":"Doe","email":"probitstechnologies@gmail.com","image":"","ip":"116.66.195.185","status":"1","date_added":"2019-11-11 07:59:33","user_group":"Administrator"}}
31/10/2021 10:01:44 devpinoyLogger Success       :-1
31/10/2021 10:01:44 devpinoyLogger User_id       :-1
31/10/2021 10:01:44 devpinoyLogger User_group_id :-1
31/10/2021 10:01:44 devpinoyLogger Username      :-upskills_admin
31/10/2021 10:01:44 devpinoyLogger Firstname     :-John
31/10/2021 10:01:44 devpinoyLogger Lastname      :-Doe
31/10/2021 10:01:44 devpinoyLogger Email         :-probitstechnologies@gmail.com
31/10/2021 10:01:44 devpinoyLogger Ip            :-116.66.195.185
31/10/2021 10:01:44 devpinoyLogger Status        :-1
31/10/2021 10:01:44 devpinoyLogger Date_added    :-2019-11-11 07:59:33
31/10/2021 10:01:44 devpinoyLogger User_group    :-Administrator
31/10/2021 10:01:44 devpinoyLogger Success       :-1
31/10/2021 10:01:44 devpinoyLogger *************UserDetails Test End***************
